2026-01-20 20:23:34,030 - __main__ - INFO - ✅ 生產配置文件已創建: production_config.yaml
2026-01-20 20:23:34,065 - __main__ - INFO - ✅ 服務已註冊: linebot
2026-01-20 20:23:34,065 - __main__ - INFO - ✅ 服務已註冊: nextjs
2026-01-20 20:23:34,066 - __main__ - INFO - ✅ 服務已註冊: voice
2026-01-20 20:23:34,066 - __main__ - INFO - 已載入 3 個服務配置
2026-01-20 20:23:41,214 - __main__ - INFO - ✅ 生產配置文件已創建: production_config.yaml
2026-01-20 20:23:41,218 - __main__ - INFO - ✅ 服務已註冊: linebot
2026-01-20 20:23:41,218 - __main__ - INFO - ✅ 服務已註冊: nextjs
2026-01-20 20:23:41,218 - __main__ - INFO - ✅ 服務已註冊: voice
2026-01-20 20:23:41,218 - __main__ - INFO - 已載入 3 個服務配置
2026-01-20 20:23:41,218 - __main__ - INFO - 🚀 啟動所有生產等級服務...
2026-01-20 20:23:41,221 - __main__ - WARNING - ⚠️ 端口 8888 已被占用
2026-01-20 20:23:41,221 - __main__ - ERROR - ❌ 服務 linebot 實例 1 啟動失敗
2026-01-20 20:23:41,244 - __main__ - WARNING - ⚠️ 端口 9999 已被占用
2026-01-20 20:23:41,244 - __main__ - ERROR - ❌ 服務 nextjs 實例 1 啟動失敗
2026-01-20 20:23:41,260 - __main__ - WARNING - ⚠️ 端口 8889 已被占用
2026-01-20 20:23:41,260 - __main__ - ERROR - ❌ 服務 voice 實例 1 啟動失敗
2026-01-20 20:23:41,261 - __main__ - INFO - 🔍 生產等級監控系統已啟動
2026-01-20 20:23:41,262 - __main__ - INFO - ✅ 所有生產等級服務啟動完成
2026-01-21 00:22:03,276 - __main__ - INFO - ✅ 生產配置文件已創建: production_config.yaml
2026-01-21 00:22:03,280 - __main__ - INFO - ✅ 服務已註冊: linebot
2026-01-21 00:22:03,282 - __main__ - INFO - ✅ 服務已註冊: nextjs
2026-01-21 00:22:03,282 - __main__ - INFO - ✅ 服務已註冊: voice
2026-01-21 00:22:03,282 - __main__ - INFO - 已載入 3 個服務配置
2026-01-21 00:25:36,519 - __main__ - INFO - ✅ 生產配置文件已創建: production_config.yaml
2026-01-21 00:25:36,523 - __main__ - INFO - ✅ 服務已註冊: linebot
2026-01-21 00:25:36,523 - __main__ - INFO - ✅ 服務已註冊: nextjs
2026-01-21 00:25:36,523 - __main__ - INFO - ✅ 服務已註冊: voice
2026-01-21 00:25:36,523 - __main__ - INFO - 已載入 3 個服務配置
2026-01-21 00:25:36,524 - __main__ - INFO - 🚀 啟動所有生產等級服務...
2026-01-21 00:25:36,526 - __main__ - WARNING - ⚠️ 端口 8888 已被占用
2026-01-21 00:25:36,526 - __main__ - ERROR - ❌ 服務 linebot 實例 1 啟動失敗
2026-01-21 00:25:37,544 - __main__ - ERROR - 啟動實例時出錯: [WinError 2] 系統找不到指定的檔案。
2026-01-21 00:25:37,544 - __main__ - ERROR - ❌ 服務 nextjs 實例 1 啟動失敗
2026-01-21 00:25:41,555 - __main__ - ERROR - ❌ 進程啟動後立即退出
2026-01-21 00:25:41,556 - __main__ - ERROR - ❌ 服務 voice 實例 1 啟動失敗
2026-01-21 00:25:41,557 - __main__ - INFO - 🔍 生產等級監控系統已啟動
2026-01-21 00:25:41,557 - __main__ - INFO - ✅ 所有生產等級服務啟動完成
2026-01-21 00:31:01,250 - __main__ - INFO - ✅ 生產配置文件已創建: production_config.yaml
2026-01-21 00:31:01,253 - __main__ - INFO - ✅ 服務已註冊: linebot
2026-01-21 00:31:01,253 - __main__ - INFO - ✅ 服務已註冊: nextjs
2026-01-21 00:31:01,255 - __main__ - INFO - ✅ 服務已註冊: voice
2026-01-21 00:31:01,255 - __main__ - INFO - 已載入 3 個服務配置
2026-01-21 00:31:01,255 - __main__ - INFO - 🚀 啟動所有生產等級服務...
2026-01-21 00:31:05,271 - __main__ - ERROR - ❌ 進程啟動後立即退出
2026-01-21 00:31:05,271 - __main__ - ERROR - ❌ 服務 linebot 實例 1 啟動失敗
2026-01-21 00:31:06,280 - __main__ - ERROR - 啟動實例時出錯: [WinError 2] 系統找不到指定的檔案。
2026-01-21 00:31:06,280 - __main__ - ERROR - ❌ 服務 nextjs 實例 1 啟動失敗
2026-01-21 00:31:10,290 - __main__ - ERROR - ❌ 進程啟動後立即退出
2026-01-21 00:31:10,290 - __main__ - ERROR - ❌ 服務 voice 實例 1 啟動失敗
2026-01-21 00:31:10,292 - __main__ - INFO - 🔍 生產等級監控系統已啟動
2026-01-21 00:31:10,292 - __main__ - INFO - ✅ 所有生產等級服務啟動完成
