[週六 2026/01/17 16:48:36.90] 守護進程啟動 
======================================== 
監控項目: 
  - Next.js (端口 9999) 
  - Cloudflare Tunnel (bossai.tiankai.it.com) 
======================================== 
[週六 2026/01/17 16:48:36.92] [✓] Next.js 運行正常 
[週六 2026/01/17 16:48:37.62] [⚠] Cloudflare Tunnel 未運行 
[週六 2026/01/17 16:48:37.62] [→] 啟動 Cloudflare Tunnel... 
[週六 2026/01/17 16:48:42.74] [✗] Tunnel 啟動失敗 
[週六 2026/01/17 16:48:43.41] [i] Docker Desktop 未運行（如需要請手動啟動）
[週六 2026/01/17 16:48:53.22] [✓] Next.js 運行正常 
[週六 2026/01/17 16:48:53.89] [⚠] Cloudflare Tunnel 未運行 
[週六 2026/01/17 16:48:53.89] [→] 啟動 Cloudflare Tunnel... 
[週六 2026/01/17 16:48:58.79] [✗] Tunnel 啟動失敗 
[週六 2026/01/17 16:48:59.51] [i] Docker Desktop 未運行（如需要請手動啟動）
[週六 2026/01/17 16:49:09.16] [✓] Next.js 運行正常 
[週六 2026/01/17 16:49:09.90] [⚠] Cloudflare Tunnel 未運行 
[週六 2026/01/17 16:49:09.90] [→] 啟動 Cloudflare Tunnel... 
[週六 2026/01/17 16:49:14.91] [✗] Tunnel 啟動失敗 
[週六 2026/01/17 16:49:15.61] [i] Docker Desktop 未運行（如需要請手動啟動）
[週六 2026/01/17 16:49:25.21] [✓] Next.js 運行正常 
[週六 2026/01/17 16:49:25.86] [⚠] Cloudflare Tunnel 未運行 
[週六 2026/01/17 16:49:25.86] [→] 啟動 Cloudflare Tunnel... 
[週六 2026/01/17 16:49:30.78] [✗] Tunnel 啟動失敗 
[週六 2026/01/17 16:49:31.50] [i] Docker Desktop 未運行（如需要請手動啟動）
[週六 2026/01/17 16:49:41.23] [✓] Next.js 運行正常 
[週六 2026/01/17 16:49:41.90] [⚠] Cloudflare Tunnel 未運行 
[週六 2026/01/17 16:49:41.90] [→] 啟動 Cloudflare Tunnel... 
[週六 2026/01/17 16:49:46.85] [✗] Tunnel 啟動失敗 
[週六 2026/01/17 16:49:47.52] [i] Docker Desktop 未運行（如需要請手動啟動）
[週六 2026/01/17 16:49:57.24] [✓] Next.js 運行正常 
[週六 2026/01/17 16:49:57.89] [⚠] Cloudflare Tunnel 未運行 
[週六 2026/01/17 16:49:57.89] [→] 啟動 Cloudflare Tunnel... 
[週六 2026/01/17 16:50:02.79] [✗] Tunnel 啟動失敗 
[週六 2026/01/17 16:50:03.47] [i] Docker Desktop 未運行（如需要請手動啟動）
[週六 2026/01/17 16:50:13.20] [✓] Next.js 運行正常 
[週六 2026/01/17 16:50:13.88] [⚠] Cloudflare Tunnel 未運行 
[週六 2026/01/17 16:50:13.89] [→] 啟動 Cloudflare Tunnel... 
[週六 2026/01/17 16:50:18.79] [✗] Tunnel 啟動失敗 
[週六 2026/01/17 16:50:19.44] [i] Docker Desktop 未運行（如需要請手動啟動）
[週六 2026/01/17 16:50:29.24] [✓] Next.js 運行正常 
[週六 2026/01/17 16:50:29.93] [⚠] Cloudflare Tunnel 未運行 
[週六 2026/01/17 16:50:29.93] [→] 啟動 Cloudflare Tunnel... 
[週六 2026/01/17 16:50:34.91] [✗] Tunnel 啟動失敗 
[週六 2026/01/17 16:50:35.61] [i] Docker Desktop 未運行（如需要請手動啟動）
[週六 2026/01/17 16:50:45.20] [✓] Next.js 運行正常 
[週六 2026/01/17 16:50:45.95] [⚠] Cloudflare Tunnel 未運行 
[週六 2026/01/17 16:50:45.95] [→] 啟動 Cloudflare Tunnel... 
[週六 2026/01/17 16:50:50.92] [✗] Tunnel 啟動失敗 
[週六 2026/01/17 16:50:51.65] [i] Docker Desktop 未運行（如需要請手動啟動）
[週六 2026/01/17 16:51:01.17] [✓] Next.js 運行正常 
[週六 2026/01/17 16:51:01.83] [⚠] Cloudflare Tunnel 未運行 
[週六 2026/01/17 16:51:01.83] [→] 啟動 Cloudflare Tunnel... 
[週六 2026/01/17 16:51:06.88] [✗] Tunnel 啟動失敗 
[週六 2026/01/17 16:51:07.60] [i] Docker Desktop 未運行（如需要請手動啟動）
[週六 2026/01/17 16:51:17.21] [✓] Next.js 運行正常 
[週六 2026/01/17 16:51:17.89] [⚠] Cloudflare Tunnel 未運行 
[週六 2026/01/17 16:51:17.89] [→] 啟動 Cloudflare Tunnel... 
[週六 2026/01/17 16:51:22.80] [✗] Tunnel 啟動失敗 
[週六 2026/01/17 16:51:23.50] [i] Docker Desktop 未運行（如需要請手動啟動）
[週六 2026/01/17 16:51:33.23] [✓] Next.js 運行正常 
[週六 2026/01/17 16:51:33.92] [⚠] Cloudflare Tunnel 未運行 
[週六 2026/01/17 16:51:33.92] [→] 啟動 Cloudflare Tunnel... 
[週六 2026/01/17 16:51:38.93] [✗] Tunnel 啟動失敗 
[週六 2026/01/17 16:51:39.73] [i] Docker Desktop 未運行（如需要請手動啟動）
[週六 2026/01/17 16:51:40.35] [✓] Next.js 運行正常 
[週六 2026/01/17 16:51:41.13] [⚠] Cloudflare Tunnel 未運行 
[週六 2026/01/17 16:51:41.13] [→] 啟動 Cloudflare Tunnel... 
